<?xml version="1.0" encoding="UTF-8" standalone="yes"?><!DOCTYPE report PUBLIC "-//JACOCO//DTD Report 1.1//EN"
        "report.dtd">
<report name="calc-tests-suite">
    <sessioninfo id="DESKTOP-GF7MR1M-1ac89aa8" start="1712358813958" dump="1712358814774"/>
    <package name="corp">
        <class name="corp/SumCalculator" sourcefilename="SumCalculator.java">
            <method name="&lt;init&gt;" desc="()V" line="3">
                <counter type="INSTRUCTION" missed="0" covered="3"/>
                <counter type="LINE" missed="0" covered="1"/>
                <counter type="COMPLEXITY" missed="0" covered="1"/>
                <counter type="METHOD" missed="0" covered="1"/>
            </method>
            <method name="sum" desc="(I)I" line="5">
                <counter type="INSTRUCTION" missed="0" covered="23"/>
                <counter type="BRANCH" missed="0" covered="4"/>
                <counter type="LINE" missed="0" covered="6"/>
                <counter type="COMPLEXITY" missed="0" covered="3"/>
                <counter type="METHOD" missed="0" covered="1"/>
            </method>
            <counter type="INSTRUCTION" missed="0" covered="26"/>
            <counter type="BRANCH" missed="0" covered="4"/>
            <counter type="LINE" missed="0" covered="7"/>
            <counter type="COMPLEXITY" missed="0" covered="4"/>
            <counter type="METHOD" missed="0" covered="2"/>
            <counter type="CLASS" missed="0" covered="1"/>
        </class>
        <sourcefile name="SumCalculator.java">
            <line nr="3" mi="0" ci="3" mb="0" cb="0"/>
            <line nr="5" mi="0" ci="2" mb="0" cb="2"/>
            <line nr="6" mi="0" ci="6" mb="0" cb="0"/>
            <line nr="9" mi="0" ci="2" mb="0" cb="0"/>
            <line nr="11" mi="0" ci="7" mb="0" cb="2"/>
            <line nr="12" mi="0" ci="4" mb="0" cb="0"/>
            <line nr="14" mi="0" ci="2" mb="0" cb="0"/>
            <counter type="INSTRUCTION" missed="0" covered="26"/>
            <counter type="BRANCH" missed="0" covered="4"/>
            <counter type="LINE" missed="0" covered="7"/>
            <counter type="COMPLEXITY" missed="0" covered="4"/>
            <counter type="METHOD" missed="0" covered="2"/>
            <counter type="CLASS" missed="0" covered="1"/>
        </sourcefile>
        <counter type="INSTRUCTION" missed="0" covered="26"/>
        <counter type="BRANCH" missed="0" covered="4"/>
        <counter type="LINE" missed="0" covered="7"/>
        <counter type="COMPLEXITY" missed="0" covered="4"/>
        <counter type="METHOD" missed="0" covered="2"/>
        <counter type="CLASS" missed="0" covered="1"/>
    </package>
    <counter type="INSTRUCTION" missed="0" covered="26"/>
    <counter type="BRANCH" missed="0" covered="4"/>
    <counter type="LINE" missed="0" covered="7"/>
    <counter type="COMPLEXITY" missed="0" covered="4"/>
    <counter type="METHOD" missed="0" covered="2"/>
    <counter type="CLASS" missed="0" covered="1"/>
</report>